<?xml version="1.0" encoding="UTF-8"?>
<testng-results ignored="0" total="1" passed="1" failed="0" skipped="0">
  <reporter-output>
  </reporter-output>
  <suite started-at="2022-05-08T17:36:46 IST" name="Default suite" finished-at="2022-05-08T17:37:00 IST" duration-ms="14343">
    <groups>
    </groups>
    <test started-at="2022-05-08T17:36:46 IST" name="Default test" finished-at="2022-05-08T17:37:00 IST" duration-ms="14343">
      <class name="Initiate.Browser">
        <test-method signature="Initiation()[pri:0, instance:Initiate.Browser@48f278eb]" started-at="2022-05-08T17:36:46 IST" name="Initiation" finished-at="2022-05-08T17:37:00 IST" duration-ms="14303" status="PASS">
          <reporter-output>
          </reporter-output>
        </test-method> <!-- Initiation -->
      </class> <!-- Initiate.Browser -->
    </test> <!-- Default test -->
  </suite> <!-- Default suite -->
</testng-results>
